<?xml version="1.0" encoding="UTF-8"?>
<!-- Generated by org.testng.reporters.JUnitReportReporter -->
<testsuite hostname="INBASDPC06701" failures="0" tests="1" name="testcases.TC_001" time="7.956" errors="0" timestamp="2021-04-03T00:10:58 IST" skipped="0">
  <testcase classname="testcases.TC_001" name="tc_001" time="7.956"/>
  <system-out/>
</testsuite> <!-- testcases.TC_001 -->
